Command Line:
	Data Graph CSR: 
	Data Graph: ../../test/data_graph/HPRD.graph
	Query Graph: ../../test/sample_dataset/query2_positive.graph
	Filter Type: CECI
	Order Type: CECI
	Engine Type: CECI
	Output Limit: 1000000
	Time Limit (seconds): 60
	Order Num: 100
	Distribution File Path: temp.distribution
--------------------------------------------------------------------
Load graphs...
-----
Query Graph Meta Information
|V|: 4, |E|: 4, |Σ|: 3
Max Degree: 2, Max Label Frequency: 2
-----
|V|: 9460, |E|: 34998, |Σ|: 307
Max Degree: 247, Max Label Frequency: 957
--------------------------------------------------------------------
Start queries...
-----
Filter candidates...
-----
Build indices...
Index Info: CoreTable(4), TreeTable(0), LeafTable(0)
CoreTable 0-1: 0
CoreTable 3-1: 4
CoreTable 2-0: 0
CoreTable 2-3: 9
Total Cardinality: 13.0
-----
Generate a matching order...
Query Plan: 1 0 3 2 
-----
Enumerate...
other: 64, TE+NTE: 48
other: 64, TE+NTE: 48
other: 64, TE+NTE: 48
other: 64, TE+NTE: 48
--------------------------------------------------------------------
Release memories...
--------------------------------------------------------------------
Load graphs time (seconds): 0.0291
Filter vertices time (seconds): 0.0004
Build table time (seconds): 0.0000
Generate query plan time (seconds): 0.0000
Enumerate time (seconds): 0.0000
Preprocessing time (seconds): 0.0004
Total time (seconds): 0.0004
Memory cost (MB): 0.0002
#Embeddings: 0
Call Count: 4
Per Call Count Time (nanoseconds): 2112.7500
End.
